<?xml version="1.0" encoding="UTF-8"?>
<!-- Generated by org.testng.reporters.JUnitXMLReporter -->
<testsuite ignored="0" hostname="DESKTOP-16SMMS2" failures="0" tests="4" name="Default test" time="18.42" errors="0" timestamp="2022-11-07T11:17:48 IST">
  <testcase classname="seliniumTestNg.OrangeHrm" name="orangeHrm" time="9.397"/>
  <testcase classname="seliniumTestNg.OrangeHrm" name="orangeHrmLogin" time="2.155"/>
  <testcase classname="seliniumTestNg.OrangeHrm" name="orangeHrmPassword" time="2.191"/>
  <testcase classname="seliniumTestNg.OrangeHrm" name="orangeHrmSubmitutton" time="4.578"/>
</testsuite> <!-- Default test -->
