<?xml version="1.0" encoding="UTF-8"?>
<!-- Generated by org.testng.reporters.JUnitXMLReporter -->
<testsuite ignored="0" hostname="DESKTOP-16SMMS2" failures="0" tests="3" name="facebooklogin" time="12.367" errors="0" timestamp="2022-10-27T11:16:29 IST">
  <testcase classname="seliniumTestNg.Facebook" name="facebookUrl" time="9.9"/>
  <testcase classname="seliniumTestNg.Facebook" name="facebookLogin" time="1.161"/>
  <testcase classname="seliniumTestNg.Facebook" name="facebookPassword" time="1.173"/>
</testsuite> <!-- facebooklogin -->
