<?xml version="1.0" encoding="UTF-8"?>
<!-- Generated by org.testng.reporters.JUnitXMLReporter -->
<testsuite ignored="4" hostname="DESKTOP-16SMMS2" failures="0" tests="7" name="Groups" time="17.526" errors="0" timestamp="2022-10-27T02:05:53 IST">
  <testcase classname="seliniumTestNg.Groups" name="browserLaunching" time="9.701"/>
  <testcase classname="seliniumTestNg.Groups" name="facebook" time="1.362"/>
  <testcase classname="seliniumTestNg.Groups" name="facebookLogin" time="0.199"/>
  <testcase classname="seliniumTestNg.Groups" name="facebookPassword" time="0.227"/>
  <testcase classname="seliniumTestNg.Groups" name="myntraLogin" time="0.12"/>
  <testcase classname="seliniumTestNg.Groups" name="myntraPassword" time="0.211"/>
  <testcase classname="seliniumTestNg.Groups" name="myntraUrl" time="5.565"/>
  <testcase classname="seliniumTestNg.Groups" name="orangeHrmSubmitutton" time="0.0">
    <ignored/>
  </testcase> <!-- orangeHrmSubmitutton -->
  <testcase classname="seliniumTestNg.Groups" name="orangeHrmLogin" time="0.0">
    <ignored/>
  </testcase> <!-- orangeHrmLogin -->
  <testcase classname="seliniumTestNg.Groups" name="orangeHrmPassword" time="0.0">
    <ignored/>
  </testcase> <!-- orangeHrmPassword -->
  <testcase classname="seliniumTestNg.Groups" name="orangeHrm" time="0.0">
    <ignored/>
  </testcase> <!-- orangeHrm -->
</testsuite> <!-- Groups -->
