<?xml version="1.0" encoding="UTF-8"?>
<!-- Generated by org.testng.reporters.JUnitXMLReporter -->
<testsuite ignored="0" hostname="DESKTOP-16SMMS2" failures="0" tests="10" name="Test" time="39.022" errors="0" timestamp="2022-10-27T00:47:24 IST">
  <testcase classname="seliniumTestNg.Facebook" name="facebookUrl" time="6.192"/>
  <testcase classname="seliniumTestNg.Facebook" name="facebookLogin" time="1.127"/>
  <testcase classname="seliniumTestNg.Facebook" name="facebookPassword" time="1.268"/>
  <testcase classname="seliniumTestNg.Myntra" name="myntraUrl" time="8.468"/>
  <testcase classname="seliniumTestNg.Myntra" name="myntraLogin" time="0.218"/>
  <testcase classname="seliniumTestNg.Myntra" name="myntraPassword" time="0.304"/>
  <testcase classname="seliniumTestNg.OrangeHrm" name="orangeHrm" time="10.509"/>
  <testcase classname="seliniumTestNg.OrangeHrm" name="orangeHrmLogin" time="3.158"/>
  <testcase classname="seliniumTestNg.OrangeHrm" name="orangeHrmPassword" time="2.387"/>
  <testcase classname="seliniumTestNg.OrangeHrm" name="orangeHrmSubmitutton" time="5.227"/>
</testsuite> <!-- Test -->
