<?xml version="1.0" encoding="UTF-8"?>
<testng-results ignored="0" total="4" passed="4" failed="0" skipped="0">
  <reporter-output>
  </reporter-output>
  <suite started-at="2022-11-07T11:17:30 IST" name="Default suite" finished-at="2022-11-07T11:17:48 IST" duration-ms="18420">
    <groups>
    </groups>
    <test started-at="2022-11-07T11:17:30 IST" name="Default test" finished-at="2022-11-07T11:17:48 IST" duration-ms="18420">
      <class name="seliniumTestNg.OrangeHrm">
        <test-method signature="orangeHrm()[pri:1, instance:seliniumTestNg.OrangeHrm@52102734]" started-at="2022-11-07T11:17:30 IST" name="orangeHrm" finished-at="2022-11-07T11:17:39 IST" duration-ms="9397" status="PASS">
          <reporter-output>
          </reporter-output>
        </test-method> <!-- orangeHrm -->
        <test-method signature="orangeHrmLogin()[pri:1, instance:seliniumTestNg.OrangeHrm@52102734]" started-at="2022-11-07T11:17:39 IST" name="orangeHrmLogin" finished-at="2022-11-07T11:17:41 IST" duration-ms="2155" status="PASS">
          <reporter-output>
          </reporter-output>
        </test-method> <!-- orangeHrmLogin -->
        <test-method signature="orangeHrmPassword()[pri:1, instance:seliniumTestNg.OrangeHrm@52102734]" started-at="2022-11-07T11:17:41 IST" name="orangeHrmPassword" finished-at="2022-11-07T11:17:44 IST" duration-ms="2191" status="PASS">
          <reporter-output>
          </reporter-output>
        </test-method> <!-- orangeHrmPassword -->
        <test-method signature="orangeHrmSubmitutton()[pri:1, instance:seliniumTestNg.OrangeHrm@52102734]" started-at="2022-11-07T11:17:44 IST" name="orangeHrmSubmitutton" finished-at="2022-11-07T11:17:48 IST" duration-ms="4578" status="PASS">
          <reporter-output>
          </reporter-output>
        </test-method> <!-- orangeHrmSubmitutton -->
      </class> <!-- seliniumTestNg.OrangeHrm -->
    </test> <!-- Default test -->
  </suite> <!-- Default suite -->
</testng-results>
